d:\code\algorithmcode\algorithmcode\debug\vc143.pdb
d:\code\algorithmcode\algorithmcode\debug\vc143.idb
d:\code\algorithmcode\algorithmcode\debug\reversestackusingrecursive.obj
d:\code\algorithmcode\algorithmcode\debug\quicksort.obj
d:\code\algorithmcode\algorithmcode\debug\printallsubsquence.obj
d:\code\algorithmcode\algorithmcode\debug\palindromes.obj
d:\code\algorithmcode\algorithmcode\debug\nqueens.obj
d:\code\algorithmcode\algorithmcode\debug\mergesort.obj
d:\code\algorithmcode\algorithmcode\debug\listsort.obj
d:\code\algorithmcode\algorithmcode\debug\linklist.obj
d:\code\algorithmcode\algorithmcode\debug\lessmoneysplitgold.obj
d:\code\algorithmcode\algorithmcode\debug\knapsack.obj
d:\code\algorithmcode\algorithmcode\debug\kmp.obj
d:\code\algorithmcode\algorithmcode\debug\heapsort.obj
d:\code\algorithmcode\algorithmcode\debug\hanoi.obj
d:\code\algorithmcode\algorithmcode\debug\graph.obj
d:\code\algorithmcode\algorithmcode\debug\converttoletterstring.obj
d:\code\algorithmcode\algorithmcode\debug\bstree.obj
d:\code\algorithmcode\algorithmcode\debug\bitmap.obj
d:\code\algorithmcode\algorithmcode\debug\binarytree.obj
d:\code\algorithmcode\algorithmcode\debug\bestarrange.obj
d:\code\algorithmcode\algorithmcode\debug\algorithm.obj
d:\code\algorithmcode\algorithmcode\debug\链表剩下的两个题.obj
d:\code\algorithmcode\algorithmcode\debug\贪心算法问题解决方法.obj
d:\code\algorithmcode\algorithmcode\debug\计算时间复杂度.obj
d:\code\algorithmcode\algorithmcode\debug\时间、空间复杂度.obj
d:\code\algorithmcode\algorithmcode\debug\单链表最难的一种题.obj
d:\code\algorithmcode\algorithmcode\debug\winerpoker.obj
d:\code\algorithmcode\algorithmcode\debug\trietree.obj
d:\code\algorithmcode\algorithmcode\debug\unionfind.obj
d:\code\algorithmcode\algorithmcode\debug\unionfindset.obj
d:\code\algorithmcode\algorithmcode\debug\manacher.obj
d:\code\algorithmcode\debug\algorithmcode.exe
d:\code\algorithmcode\algorithmcode\debug\algorithmcode.ilk
d:\code\algorithmcode\debug\algorithmcode.pdb
d:\code\algorithmcode\algorithmcode\debug\algorithmcode.tlog\cl.command.1.tlog
d:\code\algorithmcode\algorithmcode\debug\algorithmcode.tlog\cl.read.1.tlog
d:\code\algorithmcode\algorithmcode\debug\algorithmcode.tlog\cl.write.1.tlog
d:\code\algorithmcode\algorithmcode\debug\algorithmcode.tlog\link.command.1.tlog
d:\code\algorithmcode\algorithmcode\debug\algorithmcode.tlog\link.read.1.tlog
d:\code\algorithmcode\algorithmcode\debug\algorithmcode.tlog\link.write.1.tlog
