  Algorithm.cpp
  BestArrange.cpp
  binaryTree.cpp
D:\Code\AlgorithmCode\AlgorithmCode\binaryTree.h(26,2): warning C4091: “typedef ”: 没有声明变量时忽略“Info”的左侧
D:\Code\AlgorithmCode\AlgorithmCode\binaryTree.cpp(307,13): warning C4244: “初始化”: 从“double”转换到“int”，可能丢失数据
  BSTree.cpp
  ConvertToLetterString.cpp
  Graph.cpp
  hanoi.cpp
  heapSort.cpp
  Knapsack.cpp
  LessMoneySplitGold.cpp
  LinkList.cpp
  listSort.cpp
  mergeSort.cpp
  Palindromes.cpp
  printAllSubsquence.cpp
  quickSort.cpp
D:\Code\AlgorithmCode\AlgorithmCode\quickSort.cpp(17,13): warning C4244: “参数”: 从“time_t”转换到“unsigned int”，可能丢失数据
  ReverseStackUsingRecursive.cpp
  TrieTree.cpp
  winerPoker.cpp
  单链表最难的一种题.cpp
  正在生成代码...
D:\Code\AlgorithmCode\AlgorithmCode\LinkList.cpp(75): warning C4715: “LinkList::LocateElem”: 不是所有的控件路径都返回值
  正在编译...
  时间、空间复杂度.cpp
  计算时间复杂度.cpp
  贪心算法问题解决方法.cpp
  链表剩下的两个题.cpp
  正在生成代码...
  AlgorithmCode.vcxproj -> D:\Code\AlgorithmCode\x64\Debug\AlgorithmCode.exe
